Build started 2014-01-23 11:55:45.
     1>Project "C:\Users\Spork\Documents\GitHub\Boring-Warrior_Escape\Escape_V2\Escape_V2\Escape_V2.vcxproj" on node 2 (Build target(s)).
     1>ClCompile:
         C:\Program Files (x86)\Microsoft Visual Studio 11.0\VC\bin\CL.exe /c /I"..\Deps\SFML-2.1\include\\" /ZI /nologo /W3 /WX- /sdl /Od /Oy- /D _MBCS /Gm /EHsc /RTC1 /MDd /GS /fp:precise /Zc:wchar_t /Zc:forScope /Fo"Debug\\" /Fd"Debug\vc110.pdb" /Gd /TP /analyze- /errorReport:prompt main.cpp StateManager.cpp
         StateManager.cpp
     1>c:\users\spork\documents\github\boring-warrior_escape\escape_v2\escape_v2\statemanager.h(15): error C2061: syntax error : identifier 'State'
     1>c:\users\spork\documents\github\boring-warrior_escape\escape_v2\escape_v2\statemanager.h(25): error C2065: 'State' : undeclared identifier
     1>c:\users\spork\documents\github\boring-warrior_escape\escape_v2\escape_v2\statemanager.h(25): error C2059: syntax error : '>'
     1>c:\users\spork\documents\github\boring-warrior_escape\escape_v2\escape_v2\statemanager.h(30): error C2143: syntax error : missing ';' before '}'
     1>c:\users\spork\documents\github\boring-warrior_escape\escape_v2\escape_v2\statemanager.cpp(6): error C2143: syntax error : missing ';' before '{'
     1>c:\users\spork\documents\github\boring-warrior_escape\escape_v2\escape_v2\statemanager.cpp(8): error C2143: syntax error : missing ';' before '}'
     1>c:\users\spork\documents\github\boring-warrior_escape\escape_v2\escape_v2\statemanager.cpp(11): error C2143: syntax error : missing ';' before '{'
     1>c:\users\spork\documents\github\boring-warrior_escape\escape_v2\escape_v2\statemanager.cpp(13): error C2143: syntax error : missing ';' before '{'
     1>c:\users\spork\documents\github\boring-warrior_escape\escape_v2\escape_v2\statemanager.cpp(16): error C2143: syntax error : missing ';' before '}'
     1>c:\users\spork\documents\github\boring-warrior_escape\escape_v2\escape_v2\statemanager.cpp(17): error C2143: syntax error : missing ';' before '}'
     1>c:\users\spork\documents\github\boring-warrior_escape\escape_v2\escape_v2\statemanager.cpp(19): error C2143: syntax error : missing ';' before '{'
     1>c:\users\spork\documents\github\boring-warrior_escape\escape_v2\escape_v2\statemanager.cpp(21): error C2143: syntax error : missing ';' before '}'
     1>c:\users\spork\documents\github\boring-warrior_escape\escape_v2\escape_v2\statemanager.cpp(23): error C2143: syntax error : missing ';' before '{'
     1>c:\users\spork\documents\github\boring-warrior_escape\escape_v2\escape_v2\statemanager.cpp(24): error C2143: syntax error : missing ';' before '{'
     1>c:\users\spork\documents\github\boring-warrior_escape\escape_v2\escape_v2\statemanager.cpp(26): error C2143: syntax error : missing ';' before '}'
     1>c:\users\spork\documents\github\boring-warrior_escape\escape_v2\escape_v2\statemanager.cpp(28): error C2143: syntax error : missing ';' before '{'
     1>c:\users\spork\documents\github\boring-warrior_escape\escape_v2\escape_v2\statemanager.cpp(29): error C2143: syntax error : missing ';' before '{'
     1>c:\users\spork\documents\github\boring-warrior_escape\escape_v2\escape_v2\statemanager.cpp(31): error C2143: syntax error : missing ';' before '}'
     1>c:\users\spork\documents\github\boring-warrior_escape\escape_v2\escape_v2\statemanager.cpp(32): error C2143: syntax error : missing ';' before '}'
     1>c:\users\spork\documents\github\boring-warrior_escape\escape_v2\escape_v2\statemanager.cpp(34): error C2143: syntax error : missing ';' before '}'
     1>c:\users\spork\documents\github\boring-warrior_escape\escape_v2\escape_v2\statemanager.cpp(36): error C2143: syntax error : missing ';' before '{'
     1>c:\users\spork\documents\github\boring-warrior_escape\escape_v2\escape_v2\statemanager.cpp(37): error C2143: syntax error : missing ';' before '{'
     1>c:\users\spork\documents\github\boring-warrior_escape\escape_v2\escape_v2\statemanager.cpp(39): error C2143: syntax error : missing ';' before '}'
     1>c:\users\spork\documents\github\boring-warrior_escape\escape_v2\escape_v2\statemanager.cpp(42): error C2143: syntax error : missing ';' before '}'
     1>c:\users\spork\documents\github\boring-warrior_escape\escape_v2\escape_v2\statemanager.cpp(44): error C2143: syntax error : missing ';' before '{'
     1>c:\users\spork\documents\github\boring-warrior_escape\escape_v2\escape_v2\statemanager.cpp(47): error C2143: syntax error : missing ';' before '{'
     1>c:\users\spork\documents\github\boring-warrior_escape\escape_v2\escape_v2\statemanager.cpp(50): error C2143: syntax error : missing ';' before '}'
     1>c:\users\spork\documents\github\boring-warrior_escape\escape_v2\escape_v2\statemanager.cpp(52): error C2143: syntax error : missing ')' before ';'
     1>c:\users\spork\documents\github\boring-warrior_escape\escape_v2\escape_v2\statemanager.cpp(52): error C2059: syntax error : ')'
     1>c:\users\spork\documents\github\boring-warrior_escape\escape_v2\escape_v2\statemanager.cpp(52): error C2143: syntax error : missing ';' before '{'
     1>c:\users\spork\documents\github\boring-warrior_escape\escape_v2\escape_v2\statemanager.cpp(53): error C2143: syntax error : missing ';' before '{'
     1>c:\users\spork\documents\github\boring-warrior_escape\escape_v2\escape_v2\statemanager.cpp(57): error C2143: syntax error : missing ';' before '}'
     1>c:\users\spork\documents\github\boring-warrior_escape\escape_v2\escape_v2\statemanager.cpp(58): error C2143: syntax error : missing ';' before '}'
     1>c:\users\spork\documents\github\boring-warrior_escape\escape_v2\escape_v2\statemanager.cpp(59): error C2143: syntax error : missing ';' before '}'
     1>c:\users\spork\documents\github\boring-warrior_escape\escape_v2\escape_v2\statemanager.cpp(61): error C2143: syntax error : missing ';' before '{'
     1>c:\users\spork\documents\github\boring-warrior_escape\escape_v2\escape_v2\statemanager.cpp(63): error C2143: syntax error : missing ';' before '}'
     1>c:\users\spork\documents\github\boring-warrior_escape\escape_v2\escape_v2\statemanager.cpp(65): error C2143: syntax error : missing ';' before '{'
     1>c:\users\spork\documents\github\boring-warrior_escape\escape_v2\escape_v2\statemanager.cpp(66): error C2143: syntax error : missing ')' before ';'
     1>c:\users\spork\documents\github\boring-warrior_escape\escape_v2\escape_v2\statemanager.cpp(66): error C2059: syntax error : ')'
     1>c:\users\spork\documents\github\boring-warrior_escape\escape_v2\escape_v2\statemanager.cpp(66): error C2143: syntax error : missing ';' before '{'
     1>c:\users\spork\documents\github\boring-warrior_escape\escape_v2\escape_v2\statemanager.cpp(67): error C2143: syntax error : missing ')' before '{'
     1>c:\users\spork\documents\github\boring-warrior_escape\escape_v2\escape_v2\statemanager.cpp(67): error C2143: syntax error : missing ';' before '{'
     1>c:\users\spork\documents\github\boring-warrior_escape\escape_v2\escape_v2\statemanager.cpp(71): error C2143: syntax error : missing ';' before '}'
     1>c:\users\spork\documents\github\boring-warrior_escape\escape_v2\escape_v2\statemanager.cpp(72): error C2143: syntax error : missing ';' before '}'
     1>c:\users\spork\documents\github\boring-warrior_escape\escape_v2\escape_v2\statemanager.cpp(73): error C2143: syntax error : missing ';' before '}'
     1>c:\users\spork\documents\github\boring-warrior_escape\escape_v2\escape_v2\statemanager.cpp(75): error C2143: syntax error : missing ';' before '{'
     1>c:\users\spork\documents\github\boring-warrior_escape\escape_v2\escape_v2\statemanager.cpp(76): error C2143: syntax error : missing ')' before ';'
     1>c:\users\spork\documents\github\boring-warrior_escape\escape_v2\escape_v2\statemanager.cpp(76): error C2059: syntax error : ')'
     1>c:\users\spork\documents\github\boring-warrior_escape\escape_v2\escape_v2\statemanager.cpp(76): error C2143: syntax error : missing ';' before '{'
     1>c:\users\spork\documents\github\boring-warrior_escape\escape_v2\escape_v2\statemanager.cpp(78): error C2143: syntax error : missing ';' before '}'
     1>c:\users\spork\documents\github\boring-warrior_escape\escape_v2\escape_v2\statemanager.cpp(79): error C2143: syntax error : missing ';' before '}'
     1>c:\users\spork\documents\github\boring-warrior_escape\escape_v2\escape_v2\statemanager.cpp(81): error C2143: syntax error : missing ';' before '{'
     1>c:\users\spork\documents\github\boring-warrior_escape\escape_v2\escape_v2\statemanager.cpp(82): error C2143: syntax error : missing ')' before ';'
     1>c:\users\spork\documents\github\boring-warrior_escape\escape_v2\escape_v2\statemanager.cpp(82): error C2059: syntax error : ')'
     1>c:\users\spork\documents\github\boring-warrior_escape\escape_v2\escape_v2\statemanager.cpp(82): error C2143: syntax error : missing ';' before '{'
     1>c:\users\spork\documents\github\boring-warrior_escape\escape_v2\escape_v2\statemanager.cpp(84): error C2143: syntax error : missing ';' before '}'
     1>c:\users\spork\documents\github\boring-warrior_escape\escape_v2\escape_v2\statemanager.cpp(85): error C2143: syntax error : missing ';' before '}'
     1>c:\users\spork\documents\github\boring-warrior_escape\escape_v2\escape_v2\statemanager.cpp(86): error C2143: syntax error : missing ';' before '}'
     1>c:\users\spork\documents\github\boring-warrior_escape\escape_v2\escape_v2\statemanager.cpp(86): fatal error C1004: unexpected end-of-file found
         main.cpp
         Generating Code...
     1>Done Building Project "C:\Users\Spork\Documents\GitHub\Boring-Warrior_Escape\Escape_V2\Escape_V2\Escape_V2.vcxproj" (Build target(s)) -- FAILED.

Build FAILED.

Time Elapsed 00:00:01.55
